# JRE version: OpenJDK Runtime Environment (16.0.2+7) (build 16.0.2+7-67)
# Java VM: OpenJDK 64-Bit Server VM (16.0.2+7-67, mixed mode, sharing, tiered, compressed oops, compressed class ptrs, g1 gc, windows-amd64)
GC Precious Log:
 CPUs: 12 total, 12 available
 Memory: 32641M
 Large Page Support: Disabled
 NUMA Support: Disabled
 Compressed Oops: Enabled (Zero based)
 Heap Region Size: 4M
 Heap Min Capacity: 8M
 Heap Initial Capacity: 512M
 Heap Max Capacity: 8164M
 Pre-touch: Disabled
 Parallel Workers: 10
 Concurrent Workers: 3
 Concurrent Refinement Workers: 10
 Periodic GC: Disabled
Heap:
 garbage-first heap   total 446464K, used 184320K [0x0000000601c00000, 0x0000000800000000)
  region size 4096K, 17 young (69632K), 1 survivors (4096K)
 Metaspace       used 42249K, committed 42560K, reserved 1089536K
  class space    used 7475K, committed 7616K, reserved 1048576K
GC Heap History (20 events):
Event: 6.850 GC heap before
{Heap before GC invocations=7 (full 0):
 garbage-first heap   total 69632K, used 38776K [0x0000000601c00000, 0x0000000800000000)
  region size 4096K, 5 young (20480K), 1 survivors (4096K)
 Metaspace       used 30262K, committed 30592K, reserved 1081344K
  class space    used 5942K, committed 6080K, reserved 1048576K
}
Event: 6.854 GC heap after
{Heap after GC invocations=8 (full 0):
 garbage-first heap   total 69632K, used 37135K [0x0000000601c00000, 0x0000000800000000)
  region size 4096K, 1 young (4096K), 1 survivors (4096K)
 Metaspace       used 30262K, committed 30592K, reserved 1081344K
  class space    used 5942K, committed 6080K, reserved 1048576K
}
Event: 6.861 GC heap before
{Heap before GC invocations=8 (full 0):
 garbage-first heap   total 69632K, used 37135K [0x0000000601c00000, 0x0000000800000000)
  region size 4096K, 2 young (8192K), 1 survivors (4096K)
 Metaspace       used 30262K, committed 30592K, reserved 1081344K
  class space    used 5942K, committed 6080K, reserved 1048576K
}
Event: 6.862 GC heap after
{Heap after GC invocations=9 (full 0):
 garbage-first heap   total 69632K, used 40374K [0x0000000601c00000, 0x0000000800000000)
  region size 4096K, 1 young (4096K), 1 survivors (4096K)
 Metaspace       used 30262K, committed 30592K, reserved 1081344K
  class space    used 5942K, committed 6080K, reserved 1048576K
}
Event: 6.872 GC heap before
{Heap before GC invocations=9 (full 0):
 garbage-first heap   total 69632K, used 40374K [0x0000000601c00000, 0x0000000800000000)
  region size 4096K, 2 young (8192K), 1 survivors (4096K)
 Metaspace       used 30262K, committed 30592K, reserved 1081344K
  class space    used 5942K, committed 6080K, reserved 1048576K
}
Event: 6.873 GC heap after
{Heap after GC invocations=10 (full 0):
 garbage-first heap   total 299008K, used 39949K [0x0000000601c00000, 0x0000000800000000)
  region size 4096K, 1 young (4096K), 1 survivors (4096K)
 Metaspace       used 30262K, committed 30592K, reserved 1081344K
  class space    used 5942K, committed 6080K, reserved 1048576K
}
Event: 6.969 GC heap before
{Heap before GC invocations=11 (full 0):
 garbage-first heap   total 192512K, used 121869K [0x0000000601c00000, 0x0000000800000000)
  region size 4096K, 22 young (90112K), 1 survivors (4096K)
 Metaspace       used 30283K, committed 30592K, reserved 1081344K
  class space    used 5939K, committed 6080K, reserved 1048576K
}
Event: 6.972 GC heap after
{Heap after GC invocations=12 (full 0):
 garbage-first heap   total 192512K, used 46652K [0x0000000601c00000, 0x0000000800000000)
  region size 4096K, 3 young (12288K), 3 survivors (12288K)
 Metaspace       used 30283K, committed 30592K, reserved 1081344K
  class space    used 5939K, committed 6080K, reserved 1048576K
}
Event: 6.978 GC heap before
{Heap before GC invocations=12 (full 0):
 garbage-first heap   total 192512K, used 46652K [0x0000000601c00000, 0x0000000800000000)
  region size 4096K, 4 young (16384K), 3 survivors (12288K)
 Metaspace       used 30293K, committed 30592K, reserved 1081344K
  class space    used 5939K, committed 6080K, reserved 1048576K
}
Event: 6.984 GC heap after
{Heap after GC invocations=13 (full 0):
 garbage-first heap   total 192512K, used 29325K [0x0000000601c00000, 0x0000000800000000)
  region size 4096K, 1 young (4096K), 1 survivors (4096K)
 Metaspace       used 30293K, committed 30592K, reserved 1081344K
  class space    used 5939K, committed 6080K, reserved 1048576K
}
Event: 8.445 GC heap before
{Heap before GC invocations=13 (full 0):
 garbage-first heap   total 192512K, used 103053K [0x0000000601c00000, 0x0000000800000000)
  region size 4096K, 18 young (73728K), 1 survivors (4096K)
 Metaspace       used 30849K, committed 31104K, reserved 1081344K
  class space    used 5979K, committed 6080K, reserved 1048576K
}
Event: 8.448 GC heap after
{Heap after GC invocations=14 (full 0):
 garbage-first heap   total 192512K, used 33242K [0x0000000601c00000, 0x0000000800000000)
  region size 4096K, 2 young (8192K), 2 survivors (8192K)
 Metaspace       used 30849K, committed 31104K, reserved 1081344K
  class space    used 5979K, committed 6080K, reserved 1048576K
}
Event: 9.378 GC heap before
{Heap before GC invocations=14 (full 0):
 garbage-first heap   total 192512K, used 111066K [0x0000000601c00000, 0x0000000800000000)
  region size 4096K, 21 young (86016K), 2 survivors (8192K)
 Metaspace       used 31113K, committed 31424K, reserved 1081344K
  class space    used 6016K, committed 6144K, reserved 1048576K
}
Event: 9.384 GC heap after
{Heap after GC invocations=15 (full 0):
 garbage-first heap   total 192512K, used 39568K [0x0000000601c00000, 0x0000000800000000)
  region size 4096K, 3 young (12288K), 3 survivors (12288K)
 Metaspace       used 31113K, committed 31424K, reserved 1081344K
  class space    used 6016K, committed 6144K, reserved 1048576K
}
Event: 10.973 GC heap before
{Heap before GC invocations=15 (full 0):
 garbage-first heap   total 192512K, used 117392K [0x0000000601c00000, 0x0000000800000000)
  region size 4096K, 23 young (94208K), 3 survivors (12288K)
 Metaspace       used 39554K, committed 39936K, reserved 1081344K
  class space    used 7075K, committed 7232K, reserved 1048576K
}
Event: 11.006 GC heap after
{Heap after GC invocations=16 (full 0):
 garbage-first heap   total 192512K, used 79805K [0x0000000601c00000, 0x0000000800000000)
  region size 4096K, 3 young (12288K), 3 survivors (12288K)
 Metaspace       used 39554K, committed 39936K, reserved 1081344K
  class space    used 7075K, committed 7232K, reserved 1048576K
}
Event: 11.146 GC heap before
{Heap before GC invocations=16 (full 0):
 garbage-first heap   total 192512K, used 120765K [0x0000000601c00000, 0x0000000800000000)
  region size 4096K, 13 young (53248K), 3 survivors (12288K)
 Metaspace       used 40555K, committed 40896K, reserved 1089536K
  class space    used 7209K, committed 7360K, reserved 1048576K
}
Event: 11.177 GC heap after
{Heap after GC invocations=17 (full 0):
 garbage-first heap   total 192512K, used 110528K [0x0000000601c00000, 0x0000000800000000)
  region size 4096K, 2 young (8192K), 2 survivors (8192K)
 Metaspace       used 40555K, committed 40896K, reserved 1089536K
  class space    used 7209K, committed 7360K, reserved 1048576K
}
Event: 37.856 GC heap before
{Heap before GC invocations=17 (full 0):
 garbage-first heap   total 192512K, used 131008K [0x0000000601c00000, 0x0000000800000000)
  region size 4096K, 7 young (28672K), 2 survivors (8192K)
 Metaspace       used 42173K, committed 42560K, reserved 1089536K
  class space    used 7473K, committed 7616K, reserved 1048576K
}
Event: 37.872 GC heap after
{Heap after GC invocations=18 (full 0):
 garbage-first heap   total 446464K, used 122880K [0x0000000601c00000, 0x0000000800000000)
  region size 4096K, 1 young (4096K), 1 survivors (4096K)
 Metaspace       used 42173K, committed 42560K, reserved 1089536K
  class space    used 7473K, committed 7616K, reserved 1048576K
}

